0 info it worked if it ends with ok
1 verbose cli [ 'C:\\Program Files\\nodejs\\node.exe',
1 verbose cli   'C:\\Users\\zhangxu\\AppData\\Roaming\\npm\\node_modules\\cnpm\\node_modules\\npm\\bin\\npm-cli.js',
1 verbose cli   '--userconfig=C:\\Users\\zhangxu\\.cnpmrc',
1 verbose cli   '--disturl=https://npm.taobao.org/mirrors/node',
1 verbose cli   '--registry=https://registry.npm.taobao.org',
1 verbose cli   'run',
1 verbose cli   'start' ]
2 info using npm@3.10.9
3 info using node@v6.2.2
4 verbose run-script [ 'prestart', 'start', 'poststart' ]
5 info lifecycle oracle-object-detail@1.0.0~prestart: oracle-object-detail@1.0.0
6 silly lifecycle oracle-object-detail@1.0.0~prestart: no script for prestart, continuing
7 info lifecycle oracle-object-detail@1.0.0~start: oracle-object-detail@1.0.0
8 verbose lifecycle oracle-object-detail@1.0.0~start: unsafe-perm in lifecycle true
9 verbose lifecycle oracle-object-detail@1.0.0~start: PATH: C:\Users\zhangxu\AppData\Roaming\npm\node_modules\cnpm\node_modules\npm\bin\node-gyp-bin;E:\github\oracle-object-detail\node_modules\.bin;C:\Program Files\Docker\Docker\Resources\bin;E:\github\oracle-observation\instantclient;c:\app\zhangxu\product\11.2.0\client_1\bin;C:\Program Files (x86)\Common Files\NetSarang;C:\ProgramData\Oracle\Java\javapath;C:\WINDOWS\system32;C:\WINDOWS;C:\WINDOWS\System32\Wbem;C:\WINDOWS\System32\WindowsPowerShell\v1.0\;C:\Program Files\nodejs\;C:\Program Files (x86)\sbt\\bin;C:\Program Files\TortoiseSVN\bin;C:\Program Files (x86)\scala\bin;C:\Program Files\Git\cmd;C:\ProgramData\chocolatey\bin;C:\Program Files (x86)\Windows Kits\8.1\Windows Performance Toolkit\;C:\Strawberry\c\bin;C:\Strawberry\perl\site\bin;C:\Strawberry\perl\bin;C:\HashiCorp\Vagrant\bin;C:\Program Files (x86)\Microsoft VS Code\bin;C:\Users\zhangxu\AppData\Roaming\npm;C:\Program Files (x86)\sbt\bin;C:\Program Files\Java\jdk1.8.0_102\bin;C:\Program Files\gradle-2.14\bin;C:\Program Files (x86)\scala\bin;C:\Program Files\Git\bin;C:\Python27;C:\;C:\Users\zhangxu\AppData\Local\Microsoft\WindowsApps;C:\Users\zhangxu\Desktop\netcat-1.11;C:\Program Files\OpenSSH;C:\rakudo\bin;C:\rakudo\share\perl6\site\bin;C:\Users\zhangxu\AppData\Local\atom\bin
10 verbose lifecycle oracle-object-detail@1.0.0~start: CWD: E:\github\oracle-object-detail
11 silly lifecycle oracle-object-detail@1.0.0~start: Args: [ '/d /s /c', 'tsc && concurrently "tsc -w" "lite-server" ' ]
12 silly lifecycle oracle-object-detail@1.0.0~start: Returned: code: 2  signal: null
13 info lifecycle oracle-object-detail@1.0.0~start: Failed to exec start script
14 verbose stack Error: oracle-object-detail@1.0.0 start: `tsc && concurrently "tsc -w" "lite-server" `
14 verbose stack Exit status 2
14 verbose stack     at EventEmitter.<anonymous> (C:\Users\zhangxu\AppData\Roaming\npm\node_modules\cnpm\node_modules\npm\lib\utils\lifecycle.js:255:16)
14 verbose stack     at emitTwo (events.js:106:13)
14 verbose stack     at EventEmitter.emit (events.js:191:7)
14 verbose stack     at ChildProcess.<anonymous> (C:\Users\zhangxu\AppData\Roaming\npm\node_modules\cnpm\node_modules\npm\lib\utils\spawn.js:40:14)
14 verbose stack     at emitTwo (events.js:106:13)
14 verbose stack     at ChildProcess.emit (events.js:191:7)
14 verbose stack     at maybeClose (internal/child_process.js:852:16)
14 verbose stack     at Process.ChildProcess._handle.onexit (internal/child_process.js:215:5)
15 verbose pkgid oracle-object-detail@1.0.0
16 verbose cwd E:\github\oracle-object-detail
17 error Windows_NT 10.0.14393
18 error argv "C:\\Program Files\\nodejs\\node.exe" "C:\\Users\\zhangxu\\AppData\\Roaming\\npm\\node_modules\\cnpm\\node_modules\\npm\\bin\\npm-cli.js" "--userconfig=C:\\Users\\zhangxu\\.cnpmrc" "--disturl=https://npm.taobao.org/mirrors/node" "--registry=https://registry.npm.taobao.org" "run" "start"
19 error node v6.2.2
20 error npm  v3.10.9
21 error code ELIFECYCLE
22 error oracle-object-detail@1.0.0 start: `tsc && concurrently "tsc -w" "lite-server" `
22 error Exit status 2
23 error Failed at the oracle-object-detail@1.0.0 start script 'tsc && concurrently "tsc -w" "lite-server" '.
23 error Make sure you have the latest version of node.js and npm installed.
23 error If you do, this is most likely a problem with the oracle-object-detail package,
23 error not with npm itself.
23 error Tell the author that this fails on your system:
23 error     tsc && concurrently "tsc -w" "lite-server"
23 error You can get information on how to open an issue for this project with:
23 error     npm bugs oracle-object-detail
23 error Or if that isn't available, you can get their info via:
23 error     npm owner ls oracle-object-detail
23 error There is likely additional logging output above.
24 verbose exit [ 1, true ]
